  [1m[36m (1.9ms)[0m  [1mCREATE TABLE "schema_migrations" ("version" varchar NOT NULL) [0m
  [1m[35m (0.1ms)[0m  select sqlite_version(*)
  [1m[36m (1.7ms)[0m  [1mCREATE UNIQUE INDEX "unique_schema_migrations" ON "schema_migrations" ("version")[0m
  [1m[35mActiveRecord::SchemaMigration Load (0.1ms)[0m  SELECT "schema_migrations".* FROM "schema_migrations"
Migrating to CreateLegos (20151203155812)
  [1m[36m (0.1ms)[0m  [1mbegin transaction[0m
  [1m[35m (0.5ms)[0m  CREATE TABLE "legos" ("id" INTEGER PRIMARY KEY AUTOINCREMENT NOT NULL, "name" varchar, "color" varchar, "quantity" integer, "size" varchar, "lego_set_id" integer, "created_at" datetime NOT NULL, "updated_at" datetime NOT NULL) 
  [1m[36mSQL (0.2ms)[0m  [1mINSERT INTO "schema_migrations" ("version") VALUES (?)[0m  [["version", "20151203155812"]]
  [1m[35m (1.4ms)[0m  commit transaction
Migrating to CreateLegoSets (20151203155956)
  [1m[36m (0.1ms)[0m  [1mbegin transaction[0m
  [1m[35m (0.4ms)[0m  CREATE TABLE "lego_sets" ("id" INTEGER PRIMARY KEY AUTOINCREMENT NOT NULL, "name" varchar, "cost" integer, "date_procured" date, "created_at" datetime NOT NULL, "updated_at" datetime NOT NULL) 
  [1m[36mSQL (0.3ms)[0m  [1mINSERT INTO "schema_migrations" ("version") VALUES (?)[0m  [["version", "20151203155956"]]
  [1m[35m (1.5ms)[0m  commit transaction
  [1m[36mActiveRecord::SchemaMigration Load (0.2ms)[0m  [1mSELECT "schema_migrations".* FROM "schema_migrations"[0m


Started POST "/lego_sets" for ::1 at 2015-12-03 11:13:07 -0500
  [1m[36mActiveRecord::SchemaMigration Load (0.1ms)[0m  [1mSELECT "schema_migrations".* FROM "schema_migrations"[0m
Processing by LegoSetsController#create as */*
  Parameters: {"{'lego_set' : { 'name' : 'Death Star', 'date_procured' : '2015-11-23', 'cost' : '18000' }"=>nil}
Completed 400 Bad Request in 5ms (ActiveRecord: 0.0ms)

ActionController::ParameterMissing (param is missing or the value is empty: lego_set):
  app/controllers/lego_sets_controller.rb:16:in `lego_set_params'
  app/controllers/lego_sets_controller.rb:4:in `create'


  Rendered /usr/local/lib/ruby/gems/2.2.0/gems/actionpack-4.2.4/lib/action_dispatch/middleware/templates/rescues/_source.erb (3.7ms)
  Rendered /usr/local/lib/ruby/gems/2.2.0/gems/actionpack-4.2.4/lib/action_dispatch/middleware/templates/rescues/_trace.html.erb (1.7ms)
  Rendered /usr/local/lib/ruby/gems/2.2.0/gems/actionpack-4.2.4/lib/action_dispatch/middleware/templates/rescues/_request_and_response.html.erb (0.9ms)
  Rendered /usr/local/lib/ruby/gems/2.2.0/gems/actionpack-4.2.4/lib/action_dispatch/middleware/templates/rescues/diagnostics.html.erb within rescues/layout (41.0ms)


Started POST "/lego_sets" for ::1 at 2015-12-03 11:14:32 -0500
Processing by LegoSetsController#create as */*
  Parameters: {"'lego_set' : { 'name' : 'Death Star', 'date_procured' : '2015-11-23', 'cost' : '18000'"=>nil}
Completed 400 Bad Request in 0ms (ActiveRecord: 0.0ms)

ActionController::ParameterMissing (param is missing or the value is empty: lego_set):
  app/controllers/lego_sets_controller.rb:16:in `lego_set_params'
  app/controllers/lego_sets_controller.rb:4:in `create'


  Rendered /usr/local/lib/ruby/gems/2.2.0/gems/actionpack-4.2.4/lib/action_dispatch/middleware/templates/rescues/_source.erb (3.3ms)
  Rendered /usr/local/lib/ruby/gems/2.2.0/gems/actionpack-4.2.4/lib/action_dispatch/middleware/templates/rescues/_trace.html.erb (1.6ms)
  Rendered /usr/local/lib/ruby/gems/2.2.0/gems/actionpack-4.2.4/lib/action_dispatch/middleware/templates/rescues/_request_and_response.html.erb (0.8ms)
  Rendered /usr/local/lib/ruby/gems/2.2.0/gems/actionpack-4.2.4/lib/action_dispatch/middleware/templates/rescues/diagnostics.html.erb within rescues/layout (32.9ms)


Started POST "/lego_sets" for ::1 at 2015-12-03 11:17:16 -0500
Error occurred while parsing request parameters.
Contents:

{'lego_set' : { 'name' : 'Death Star', 'date_procured' : '2015-11-23', 'cost' : '18000' }

ActionDispatch::ParamsParser::ParseError (795: unexpected token at '{'lego_set' : { 'name' : 'Death Star', 'date_procured' : '2015-11-23', 'cost' : '18000' }'):
  actionpack (4.2.4) lib/action_dispatch/middleware/params_parser.rb:53:in `rescue in parse_formatted_parameters'
  actionpack (4.2.4) lib/action_dispatch/middleware/params_parser.rb:32:in `parse_formatted_parameters'
  actionpack (4.2.4) lib/action_dispatch/middleware/params_parser.rb:23:in `call'
  activerecord (4.2.4) lib/active_record/query_cache.rb:36:in `call'
  activerecord (4.2.4) lib/active_record/connection_adapters/abstract/connection_pool.rb:653:in `call'
  activerecord (4.2.4) lib/active_record/migration.rb:377:in `call'
  actionpack (4.2.4) lib/action_dispatch/middleware/callbacks.rb:29:in `block in call'
  activesupport (4.2.4) lib/active_support/callbacks.rb:88:in `__run_callbacks__'
  activesupport (4.2.4) lib/active_support/callbacks.rb:778:in `_run_call_callbacks'
  activesupport (4.2.4) lib/active_support/callbacks.rb:81:in `run_callbacks'
  actionpack (4.2.4) lib/action_dispatch/middleware/callbacks.rb:27:in `call'
  actionpack (4.2.4) lib/action_dispatch/middleware/reloader.rb:73:in `call'
  actionpack (4.2.4) lib/action_dispatch/middleware/remote_ip.rb:78:in `call'
  actionpack (4.2.4) lib/action_dispatch/middleware/debug_exceptions.rb:17:in `call'
  actionpack (4.2.4) lib/action_dispatch/middleware/show_exceptions.rb:30:in `call'
  railties (4.2.4) lib/rails/rack/logger.rb:38:in `call_app'
  railties (4.2.4) lib/rails/rack/logger.rb:20:in `block in call'
  activesupport (4.2.4) lib/active_support/tagged_logging.rb:68:in `block in tagged'
  activesupport (4.2.4) lib/active_support/tagged_logging.rb:26:in `tagged'
  activesupport (4.2.4) lib/active_support/tagged_logging.rb:68:in `tagged'
  railties (4.2.4) lib/rails/rack/logger.rb:20:in `call'
  actionpack (4.2.4) lib/action_dispatch/middleware/request_id.rb:21:in `call'
  rack (1.6.4) lib/rack/runtime.rb:18:in `call'
  activesupport (4.2.4) lib/active_support/cache/strategy/local_cache_middleware.rb:28:in `call'
  rack (1.6.4) lib/rack/lock.rb:17:in `call'
  actionpack (4.2.4) lib/action_dispatch/middleware/static.rb:116:in `call'
  railties (4.2.4) lib/rails/engine.rb:518:in `call'
  railties (4.2.4) lib/rails/application.rb:165:in `call'
  rack (1.6.4) lib/rack/lock.rb:17:in `call'
  rack (1.6.4) lib/rack/content_length.rb:15:in `call'
  rack (1.6.4) lib/rack/handler/webrick.rb:88:in `service'
  /usr/local/Cellar/ruby/2.2.2/lib/ruby/2.2.0/webrick/httpserver.rb:138:in `service'
  /usr/local/Cellar/ruby/2.2.2/lib/ruby/2.2.0/webrick/httpserver.rb:94:in `run'
  /usr/local/Cellar/ruby/2.2.2/lib/ruby/2.2.0/webrick/server.rb:294:in `block in start_thread'


  Rendered /usr/local/lib/ruby/gems/2.2.0/gems/actionpack-4.2.4/lib/action_dispatch/middleware/templates/rescues/_source.erb (2.9ms)
  Rendered /usr/local/lib/ruby/gems/2.2.0/gems/actionpack-4.2.4/lib/action_dispatch/middleware/templates/rescues/_trace.html.erb (1.4ms)
  Rendered /usr/local/lib/ruby/gems/2.2.0/gems/actionpack-4.2.4/lib/action_dispatch/middleware/templates/rescues/_request_and_response.html.erb (0.8ms)
  Rendered /usr/local/lib/ruby/gems/2.2.0/gems/actionpack-4.2.4/lib/action_dispatch/middleware/templates/rescues/diagnostics.html.erb within rescues/layout (40.5ms)


Started GET "/" for ::1 at 2015-12-03 11:17:52 -0500
Processing by Rails::WelcomeController#index as HTML
  Rendered /usr/local/lib/ruby/gems/2.2.0/gems/railties-4.2.4/lib/rails/templates/rails/welcome/index.html.erb (0.6ms)
Completed 200 OK in 4ms (Views: 3.3ms | ActiveRecord: 0.0ms)


Started GET "/lego_sets" for ::1 at 2015-12-03 11:18:03 -0500

AbstractController::ActionNotFound (The action 'index' could not be found for LegoSetsController):
  actionpack (4.2.4) lib/abstract_controller/base.rb:132:in `process'
  actionview (4.2.4) lib/action_view/rendering.rb:30:in `process'
  actionpack (4.2.4) lib/action_controller/metal.rb:196:in `dispatch'
  actionpack (4.2.4) lib/action_controller/metal/rack_delegation.rb:13:in `dispatch'
  actionpack (4.2.4) lib/action_controller/metal.rb:237:in `block in action'
  actionpack (4.2.4) lib/action_dispatch/routing/route_set.rb:76:in `call'
  actionpack (4.2.4) lib/action_dispatch/routing/route_set.rb:76:in `dispatch'
  actionpack (4.2.4) lib/action_dispatch/routing/route_set.rb:45:in `serve'
  actionpack (4.2.4) lib/action_dispatch/journey/router.rb:43:in `block in serve'
  actionpack (4.2.4) lib/action_dispatch/journey/router.rb:30:in `each'
  actionpack (4.2.4) lib/action_dispatch/journey/router.rb:30:in `serve'
  actionpack (4.2.4) lib/action_dispatch/routing/route_set.rb:821:in `call'
  rack (1.6.4) lib/rack/etag.rb:24:in `call'
  rack (1.6.4) lib/rack/conditionalget.rb:25:in `call'
  rack (1.6.4) lib/rack/head.rb:13:in `call'
  actionpack (4.2.4) lib/action_dispatch/middleware/params_parser.rb:27:in `call'
  activerecord (4.2.4) lib/active_record/query_cache.rb:36:in `call'
  activerecord (4.2.4) lib/active_record/connection_adapters/abstract/connection_pool.rb:653:in `call'
  activerecord (4.2.4) lib/active_record/migration.rb:377:in `call'
  actionpack (4.2.4) lib/action_dispatch/middleware/callbacks.rb:29:in `block in call'
  activesupport (4.2.4) lib/active_support/callbacks.rb:88:in `__run_callbacks__'
  activesupport (4.2.4) lib/active_support/callbacks.rb:778:in `_run_call_callbacks'
  activesupport (4.2.4) lib/active_support/callbacks.rb:81:in `run_callbacks'
  actionpack (4.2.4) lib/action_dispatch/middleware/callbacks.rb:27:in `call'
  actionpack (4.2.4) lib/action_dispatch/middleware/reloader.rb:73:in `call'
  actionpack (4.2.4) lib/action_dispatch/middleware/remote_ip.rb:78:in `call'
  actionpack (4.2.4) lib/action_dispatch/middleware/debug_exceptions.rb:17:in `call'
  actionpack (4.2.4) lib/action_dispatch/middleware/show_exceptions.rb:30:in `call'
  railties (4.2.4) lib/rails/rack/logger.rb:38:in `call_app'
  railties (4.2.4) lib/rails/rack/logger.rb:20:in `block in call'
  activesupport (4.2.4) lib/active_support/tagged_logging.rb:68:in `block in tagged'
  activesupport (4.2.4) lib/active_support/tagged_logging.rb:26:in `tagged'
  activesupport (4.2.4) lib/active_support/tagged_logging.rb:68:in `tagged'
  railties (4.2.4) lib/rails/rack/logger.rb:20:in `call'
  actionpack (4.2.4) lib/action_dispatch/middleware/request_id.rb:21:in `call'
  rack (1.6.4) lib/rack/runtime.rb:18:in `call'
  activesupport (4.2.4) lib/active_support/cache/strategy/local_cache_middleware.rb:28:in `call'
  rack (1.6.4) lib/rack/lock.rb:17:in `call'
  actionpack (4.2.4) lib/action_dispatch/middleware/static.rb:116:in `call'
  railties (4.2.4) lib/rails/engine.rb:518:in `call'
  railties (4.2.4) lib/rails/application.rb:165:in `call'
  rack (1.6.4) lib/rack/lock.rb:17:in `call'
  rack (1.6.4) lib/rack/content_length.rb:15:in `call'
  rack (1.6.4) lib/rack/handler/webrick.rb:88:in `service'
  /usr/local/Cellar/ruby/2.2.2/lib/ruby/2.2.0/webrick/httpserver.rb:138:in `service'
  /usr/local/Cellar/ruby/2.2.2/lib/ruby/2.2.0/webrick/httpserver.rb:94:in `run'
  /usr/local/Cellar/ruby/2.2.2/lib/ruby/2.2.0/webrick/server.rb:294:in `block in start_thread'


  Rendered /usr/local/lib/ruby/gems/2.2.0/gems/actionpack-4.2.4/lib/action_dispatch/middleware/templates/rescues/unknown_action.html.erb within rescues/layout (0.4ms)


Started POST "/lego_sets" for ::1 at 2015-12-03 11:18:32 -0500
Error occurred while parsing request parameters.
Contents:

'lego_set' : { 'name' : 'Death Star', 'date_procured' : '2015-11-23', 'cost' : '18000'

ActionDispatch::ParamsParser::ParseError (795: unexpected token at ''lego_set' : { 'name' : 'Death Star', 'date_procured' : '2015-11-23', 'cost' : '18000''):
  actionpack (4.2.4) lib/action_dispatch/middleware/params_parser.rb:53:in `rescue in parse_formatted_parameters'
  actionpack (4.2.4) lib/action_dispatch/middleware/params_parser.rb:32:in `parse_formatted_parameters'
  actionpack (4.2.4) lib/action_dispatch/middleware/params_parser.rb:23:in `call'
  activerecord (4.2.4) lib/active_record/query_cache.rb:36:in `call'
  activerecord (4.2.4) lib/active_record/connection_adapters/abstract/connection_pool.rb:653:in `call'
  activerecord (4.2.4) lib/active_record/migration.rb:377:in `call'
  actionpack (4.2.4) lib/action_dispatch/middleware/callbacks.rb:29:in `block in call'
  activesupport (4.2.4) lib/active_support/callbacks.rb:88:in `__run_callbacks__'
  activesupport (4.2.4) lib/active_support/callbacks.rb:778:in `_run_call_callbacks'
  activesupport (4.2.4) lib/active_support/callbacks.rb:81:in `run_callbacks'
  actionpack (4.2.4) lib/action_dispatch/middleware/callbacks.rb:27:in `call'
  actionpack (4.2.4) lib/action_dispatch/middleware/reloader.rb:73:in `call'
  actionpack (4.2.4) lib/action_dispatch/middleware/remote_ip.rb:78:in `call'
  actionpack (4.2.4) lib/action_dispatch/middleware/debug_exceptions.rb:17:in `call'
  actionpack (4.2.4) lib/action_dispatch/middleware/show_exceptions.rb:30:in `call'
  railties (4.2.4) lib/rails/rack/logger.rb:38:in `call_app'
  railties (4.2.4) lib/rails/rack/logger.rb:20:in `block in call'
  activesupport (4.2.4) lib/active_support/tagged_logging.rb:68:in `block in tagged'
  activesupport (4.2.4) lib/active_support/tagged_logging.rb:26:in `tagged'
  activesupport (4.2.4) lib/active_support/tagged_logging.rb:68:in `tagged'
  railties (4.2.4) lib/rails/rack/logger.rb:20:in `call'
  actionpack (4.2.4) lib/action_dispatch/middleware/request_id.rb:21:in `call'
  rack (1.6.4) lib/rack/runtime.rb:18:in `call'
  activesupport (4.2.4) lib/active_support/cache/strategy/local_cache_middleware.rb:28:in `call'
  rack (1.6.4) lib/rack/lock.rb:17:in `call'
  actionpack (4.2.4) lib/action_dispatch/middleware/static.rb:116:in `call'
  railties (4.2.4) lib/rails/engine.rb:518:in `call'
  railties (4.2.4) lib/rails/application.rb:165:in `call'
  rack (1.6.4) lib/rack/lock.rb:17:in `call'
  rack (1.6.4) lib/rack/content_length.rb:15:in `call'
  rack (1.6.4) lib/rack/handler/webrick.rb:88:in `service'
  /usr/local/Cellar/ruby/2.2.2/lib/ruby/2.2.0/webrick/httpserver.rb:138:in `service'
  /usr/local/Cellar/ruby/2.2.2/lib/ruby/2.2.0/webrick/httpserver.rb:94:in `run'
  /usr/local/Cellar/ruby/2.2.2/lib/ruby/2.2.0/webrick/server.rb:294:in `block in start_thread'


  Rendered /usr/local/lib/ruby/gems/2.2.0/gems/actionpack-4.2.4/lib/action_dispatch/middleware/templates/rescues/_source.erb (5.3ms)
  Rendered /usr/local/lib/ruby/gems/2.2.0/gems/actionpack-4.2.4/lib/action_dispatch/middleware/templates/rescues/_trace.html.erb (1.4ms)
  Rendered /usr/local/lib/ruby/gems/2.2.0/gems/actionpack-4.2.4/lib/action_dispatch/middleware/templates/rescues/_request_and_response.html.erb (0.8ms)
  Rendered /usr/local/lib/ruby/gems/2.2.0/gems/actionpack-4.2.4/lib/action_dispatch/middleware/templates/rescues/diagnostics.html.erb within rescues/layout (43.8ms)


Started POST "/lego_sets" for ::1 at 2015-12-03 11:19:43 -0500
Error occurred while parsing request parameters.
Contents:

{'lego_set' : { 'name' : 'Death Star', 'date_procured' : '2015-11-23', 'cost' : '18000'}}

ActionDispatch::ParamsParser::ParseError (795: unexpected token at '{'lego_set' : { 'name' : 'Death Star', 'date_procured' : '2015-11-23', 'cost' : '18000'}}'):
  actionpack (4.2.4) lib/action_dispatch/middleware/params_parser.rb:53:in `rescue in parse_formatted_parameters'
  actionpack (4.2.4) lib/action_dispatch/middleware/params_parser.rb:32:in `parse_formatted_parameters'
  actionpack (4.2.4) lib/action_dispatch/middleware/params_parser.rb:23:in `call'
  activerecord (4.2.4) lib/active_record/query_cache.rb:36:in `call'
  activerecord (4.2.4) lib/active_record/connection_adapters/abstract/connection_pool.rb:653:in `call'
  activerecord (4.2.4) lib/active_record/migration.rb:377:in `call'
  actionpack (4.2.4) lib/action_dispatch/middleware/callbacks.rb:29:in `block in call'
  activesupport (4.2.4) lib/active_support/callbacks.rb:88:in `__run_callbacks__'
  activesupport (4.2.4) lib/active_support/callbacks.rb:778:in `_run_call_callbacks'
  activesupport (4.2.4) lib/active_support/callbacks.rb:81:in `run_callbacks'
  actionpack (4.2.4) lib/action_dispatch/middleware/callbacks.rb:27:in `call'
  actionpack (4.2.4) lib/action_dispatch/middleware/reloader.rb:73:in `call'
  actionpack (4.2.4) lib/action_dispatch/middleware/remote_ip.rb:78:in `call'
  actionpack (4.2.4) lib/action_dispatch/middleware/debug_exceptions.rb:17:in `call'
  actionpack (4.2.4) lib/action_dispatch/middleware/show_exceptions.rb:30:in `call'
  railties (4.2.4) lib/rails/rack/logger.rb:38:in `call_app'
  railties (4.2.4) lib/rails/rack/logger.rb:20:in `block in call'
  activesupport (4.2.4) lib/active_support/tagged_logging.rb:68:in `block in tagged'
  activesupport (4.2.4) lib/active_support/tagged_logging.rb:26:in `tagged'
  activesupport (4.2.4) lib/active_support/tagged_logging.rb:68:in `tagged'
  railties (4.2.4) lib/rails/rack/logger.rb:20:in `call'
  actionpack (4.2.4) lib/action_dispatch/middleware/request_id.rb:21:in `call'
  rack (1.6.4) lib/rack/runtime.rb:18:in `call'
  activesupport (4.2.4) lib/active_support/cache/strategy/local_cache_middleware.rb:28:in `call'
  rack (1.6.4) lib/rack/lock.rb:17:in `call'
  actionpack (4.2.4) lib/action_dispatch/middleware/static.rb:116:in `call'
  railties (4.2.4) lib/rails/engine.rb:518:in `call'
  railties (4.2.4) lib/rails/application.rb:165:in `call'
  rack (1.6.4) lib/rack/lock.rb:17:in `call'
  rack (1.6.4) lib/rack/content_length.rb:15:in `call'
  rack (1.6.4) lib/rack/handler/webrick.rb:88:in `service'
  /usr/local/Cellar/ruby/2.2.2/lib/ruby/2.2.0/webrick/httpserver.rb:138:in `service'
  /usr/local/Cellar/ruby/2.2.2/lib/ruby/2.2.0/webrick/httpserver.rb:94:in `run'
  /usr/local/Cellar/ruby/2.2.2/lib/ruby/2.2.0/webrick/server.rb:294:in `block in start_thread'


  Rendered /usr/local/lib/ruby/gems/2.2.0/gems/actionpack-4.2.4/lib/action_dispatch/middleware/templates/rescues/_source.erb (4.9ms)
  Rendered /usr/local/lib/ruby/gems/2.2.0/gems/actionpack-4.2.4/lib/action_dispatch/middleware/templates/rescues/_trace.html.erb (1.3ms)
  Rendered /usr/local/lib/ruby/gems/2.2.0/gems/actionpack-4.2.4/lib/action_dispatch/middleware/templates/rescues/_request_and_response.html.erb (0.8ms)
  Rendered /usr/local/lib/ruby/gems/2.2.0/gems/actionpack-4.2.4/lib/action_dispatch/middleware/templates/rescues/diagnostics.html.erb within rescues/layout (43.7ms)


Started POST "/lego_sets" for ::1 at 2015-12-03 11:20:16 -0500
Error occurred while parsing request parameters.
Contents:

'lego_set' : { 'name' : 'Death Star', 'date_procured' : '2015-11-23', 'cost' : '18000'}

ActionDispatch::ParamsParser::ParseError (795: unexpected token at ''lego_set' : { 'name' : 'Death Star', 'date_procured' : '2015-11-23', 'cost' : '18000'}'):
  actionpack (4.2.4) lib/action_dispatch/middleware/params_parser.rb:53:in `rescue in parse_formatted_parameters'
  actionpack (4.2.4) lib/action_dispatch/middleware/params_parser.rb:32:in `parse_formatted_parameters'
  actionpack (4.2.4) lib/action_dispatch/middleware/params_parser.rb:23:in `call'
  activerecord (4.2.4) lib/active_record/query_cache.rb:36:in `call'
  activerecord (4.2.4) lib/active_record/connection_adapters/abstract/connection_pool.rb:653:in `call'
  activerecord (4.2.4) lib/active_record/migration.rb:377:in `call'
  actionpack (4.2.4) lib/action_dispatch/middleware/callbacks.rb:29:in `block in call'
  activesupport (4.2.4) lib/active_support/callbacks.rb:88:in `__run_callbacks__'
  activesupport (4.2.4) lib/active_support/callbacks.rb:778:in `_run_call_callbacks'
  activesupport (4.2.4) lib/active_support/callbacks.rb:81:in `run_callbacks'
  actionpack (4.2.4) lib/action_dispatch/middleware/callbacks.rb:27:in `call'
  actionpack (4.2.4) lib/action_dispatch/middleware/reloader.rb:73:in `call'
  actionpack (4.2.4) lib/action_dispatch/middleware/remote_ip.rb:78:in `call'
  actionpack (4.2.4) lib/action_dispatch/middleware/debug_exceptions.rb:17:in `call'
  actionpack (4.2.4) lib/action_dispatch/middleware/show_exceptions.rb:30:in `call'
  railties (4.2.4) lib/rails/rack/logger.rb:38:in `call_app'
  railties (4.2.4) lib/rails/rack/logger.rb:20:in `block in call'
  activesupport (4.2.4) lib/active_support/tagged_logging.rb:68:in `block in tagged'
  activesupport (4.2.4) lib/active_support/tagged_logging.rb:26:in `tagged'
  activesupport (4.2.4) lib/active_support/tagged_logging.rb:68:in `tagged'
  railties (4.2.4) lib/rails/rack/logger.rb:20:in `call'
  actionpack (4.2.4) lib/action_dispatch/middleware/request_id.rb:21:in `call'
  rack (1.6.4) lib/rack/runtime.rb:18:in `call'
  activesupport (4.2.4) lib/active_support/cache/strategy/local_cache_middleware.rb:28:in `call'
  rack (1.6.4) lib/rack/lock.rb:17:in `call'
  actionpack (4.2.4) lib/action_dispatch/middleware/static.rb:116:in `call'
  railties (4.2.4) lib/rails/engine.rb:518:in `call'
  railties (4.2.4) lib/rails/application.rb:165:in `call'
  rack (1.6.4) lib/rack/lock.rb:17:in `call'
  rack (1.6.4) lib/rack/content_length.rb:15:in `call'
  rack (1.6.4) lib/rack/handler/webrick.rb:88:in `service'
  /usr/local/Cellar/ruby/2.2.2/lib/ruby/2.2.0/webrick/httpserver.rb:138:in `service'
  /usr/local/Cellar/ruby/2.2.2/lib/ruby/2.2.0/webrick/httpserver.rb:94:in `run'
  /usr/local/Cellar/ruby/2.2.2/lib/ruby/2.2.0/webrick/server.rb:294:in `block in start_thread'


  Rendered /usr/local/lib/ruby/gems/2.2.0/gems/actionpack-4.2.4/lib/action_dispatch/middleware/templates/rescues/_source.erb (2.3ms)
  Rendered /usr/local/lib/ruby/gems/2.2.0/gems/actionpack-4.2.4/lib/action_dispatch/middleware/templates/rescues/_trace.html.erb (1.2ms)
  Rendered /usr/local/lib/ruby/gems/2.2.0/gems/actionpack-4.2.4/lib/action_dispatch/middleware/templates/rescues/_request_and_response.html.erb (0.8ms)
  Rendered /usr/local/lib/ruby/gems/2.2.0/gems/actionpack-4.2.4/lib/action_dispatch/middleware/templates/rescues/diagnostics.html.erb within rescues/layout (45.4ms)


Started POST "/api/1/users" for ::1 at 2015-12-03 11:20:30 -0500

ActionController::RoutingError (No route matches [POST] "/api/1/users"):
  actionpack (4.2.4) lib/action_dispatch/middleware/debug_exceptions.rb:21:in `call'
  actionpack (4.2.4) lib/action_dispatch/middleware/show_exceptions.rb:30:in `call'
  railties (4.2.4) lib/rails/rack/logger.rb:38:in `call_app'
  railties (4.2.4) lib/rails/rack/logger.rb:20:in `block in call'
  activesupport (4.2.4) lib/active_support/tagged_logging.rb:68:in `block in tagged'
  activesupport (4.2.4) lib/active_support/tagged_logging.rb:26:in `tagged'
  activesupport (4.2.4) lib/active_support/tagged_logging.rb:68:in `tagged'
  railties (4.2.4) lib/rails/rack/logger.rb:20:in `call'
  actionpack (4.2.4) lib/action_dispatch/middleware/request_id.rb:21:in `call'
  rack (1.6.4) lib/rack/runtime.rb:18:in `call'
  activesupport (4.2.4) lib/active_support/cache/strategy/local_cache_middleware.rb:28:in `call'
  rack (1.6.4) lib/rack/lock.rb:17:in `call'
  actionpack (4.2.4) lib/action_dispatch/middleware/static.rb:116:in `call'
  railties (4.2.4) lib/rails/engine.rb:518:in `call'
  railties (4.2.4) lib/rails/application.rb:165:in `call'
  rack (1.6.4) lib/rack/lock.rb:17:in `call'
  rack (1.6.4) lib/rack/content_length.rb:15:in `call'
  rack (1.6.4) lib/rack/handler/webrick.rb:88:in `service'
  /usr/local/Cellar/ruby/2.2.2/lib/ruby/2.2.0/webrick/httpserver.rb:138:in `service'
  /usr/local/Cellar/ruby/2.2.2/lib/ruby/2.2.0/webrick/httpserver.rb:94:in `run'
  /usr/local/Cellar/ruby/2.2.2/lib/ruby/2.2.0/webrick/server.rb:294:in `block in start_thread'


  Rendered /usr/local/lib/ruby/gems/2.2.0/gems/actionpack-4.2.4/lib/action_dispatch/middleware/templates/rescues/_trace.html.erb (3.4ms)
  Rendered /usr/local/lib/ruby/gems/2.2.0/gems/actionpack-4.2.4/lib/action_dispatch/middleware/templates/routes/_route.html.erb (1.3ms)
  Rendered /usr/local/lib/ruby/gems/2.2.0/gems/actionpack-4.2.4/lib/action_dispatch/middleware/templates/routes/_table.html.erb (12.4ms)
  Rendered /usr/local/lib/ruby/gems/2.2.0/gems/actionpack-4.2.4/lib/action_dispatch/middleware/templates/rescues/_request_and_response.html.erb (0.9ms)
  Rendered /usr/local/lib/ruby/gems/2.2.0/gems/actionpack-4.2.4/lib/action_dispatch/middleware/templates/rescues/routing_error.html.erb within rescues/layout (75.9ms)


Started POST "/lego_sets" for ::1 at 2015-12-03 11:21:39 -0500
Processing by LegoSetsController#create as JSON
  Parameters: {"lego_set"=>{"name"=>"Death Star", "cost"=>"40000", "date_procured"=>"2015-12-25"}}
  [1m[35m (0.1ms)[0m  begin transaction
  [1m[36mSQL (0.5ms)[0m  [1mINSERT INTO "lego_sets" ("name", "cost", "date_procured", "created_at", "updated_at") VALUES (?, ?, ?, ?, ?)[0m  [["name", "Death Star"], ["cost", 40000], ["date_procured", "2015-12-25"], ["created_at", "2015-12-03 16:21:39.082221"], ["updated_at", "2015-12-03 16:21:39.082221"]]
  [1m[35m (1.5ms)[0m  commit transaction
Completed 200 OK in 17ms (Views: 0.6ms | ActiveRecord: 2.4ms)


Started POST "/lego_sets" for ::1 at 2015-12-03 11:22:46 -0500
Processing by LegoSetsController#create as JSON
  Parameters: {"lego_set"=>{"name"=>"Ewok Village", "cost"=>"25000", "date_procured"=>"2015-12-25"}}
  [1m[36m (0.1ms)[0m  [1mbegin transaction[0m
  [1m[35mSQL (0.3ms)[0m  INSERT INTO "lego_sets" ("name", "cost", "date_procured", "created_at", "updated_at") VALUES (?, ?, ?, ?, ?)  [["name", "Ewok Village"], ["cost", 25000], ["date_procured", "2015-12-25"], ["created_at", "2015-12-03 16:22:47.000262"], ["updated_at", "2015-12-03 16:22:47.000262"]]
  [1m[36m (2.0ms)[0m  [1mcommit transaction[0m
Completed 200 OK in 6ms (Views: 0.4ms | ActiveRecord: 2.4ms)


Started POST "/lego_sets" for ::1 at 2015-12-03 11:25:05 -0500
Processing by LegoSetsController#create as JSON
  Parameters: {"lego_set"=>{"name"=>"Ewok Village", "cost"=>"25000", "date_procured"=>"2015-12-25"}}
  [1m[35m (0.1ms)[0m  begin transaction
  [1m[36mSQL (0.5ms)[0m  [1mINSERT INTO "lego_sets" ("name", "cost", "date_procured", "created_at", "updated_at") VALUES (?, ?, ?, ?, ?)[0m  [["name", "Ewok Village"], ["cost", 25000], ["date_procured", "2015-12-25"], ["created_at", "2015-12-03 16:25:05.619030"], ["updated_at", "2015-12-03 16:25:05.619030"]]
  [1m[35m (1.7ms)[0m  commit transaction
Completed 200 OK in 22ms (Views: 0.9ms | ActiveRecord: 3.1ms)


Started POST "/lego_sets" for ::1 at 2015-12-03 11:25:20 -0500
Processing by LegoSetsController#create as JSON
  Parameters: {"lego_set"=>{"name"=>"Ewok Village", "cost"=>"25000", "date_procured"=>"2015-12-25"}}
  [1m[36m (0.3ms)[0m  [1mbegin transaction[0m
  [1m[35mSQL (0.6ms)[0m  INSERT INTO "lego_sets" ("name", "cost", "date_procured", "created_at", "updated_at") VALUES (?, ?, ?, ?, ?)  [["name", "Ewok Village"], ["cost", 25000], ["date_procured", "2015-12-25"], ["created_at", "2015-12-03 16:25:20.538716"], ["updated_at", "2015-12-03 16:25:20.538716"]]
  [1m[36m (5.2ms)[0m  [1mcommit transaction[0m
Completed 200 OK in 32ms (Views: 3.4ms | ActiveRecord: 6.9ms)


Started POST "/lego_sets" for ::1 at 2015-12-03 11:25:31 -0500
  [1m[36mActiveRecord::SchemaMigration Load (0.1ms)[0m  [1mSELECT "schema_migrations".* FROM "schema_migrations"[0m
Processing by LegoSetsController#create as JSON
  Parameters: {"lego_set"=>{"name"=>"Ewok Village", "cost"=>"25000", "date_procured"=>"2015-12-25"}}
  [1m[35m (0.1ms)[0m  begin transaction
  [1m[36mSQL (0.5ms)[0m  [1mINSERT INTO "lego_sets" ("name", "cost", "date_procured", "created_at", "updated_at") VALUES (?, ?, ?, ?, ?)[0m  [["name", "Ewok Village"], ["cost", 25000], ["date_procured", "2015-12-25"], ["created_at", "2015-12-03 16:25:31.806189"], ["updated_at", "2015-12-03 16:25:31.806189"]]
  [1m[35m (1.8ms)[0m  commit transaction
Completed 200 OK in 17ms (Views: 0.6ms | ActiveRecord: 2.6ms)


Started GET "/lego_sets" for ::1 at 2015-12-03 11:33:20 -0500
Processing by LegoSetsController#index as */*
  [1m[36mLegoSet Load (0.3ms)[0m  [1mSELECT "lego_sets".* FROM "lego_sets"[0m
Completed 200 OK in 8ms (Views: 4.7ms | ActiveRecord: 0.6ms)


Started GET "/lego_sets" for ::1 at 2015-12-03 11:33:41 -0500
Processing by LegoSetsController#index as */*
  [1m[35mLegoSet Load (0.3ms)[0m  SELECT "lego_sets".* FROM "lego_sets"
Completed 200 OK in 8ms (Views: 4.5ms | ActiveRecord: 0.5ms)


Started GET "/lego_sets" for ::1 at 2015-12-03 11:34:08 -0500
Processing by LegoSetsController#index as */*
  [1m[36mLegoSet Load (0.3ms)[0m  [1mSELECT "lego_sets".* FROM "lego_sets"[0m
Completed 200 OK in 14ms (Views: 10.3ms | ActiveRecord: 0.6ms)


Started GET "/lego_sets" for ::1 at 2015-12-03 11:35:22 -0500
Processing by LegoSetsController#index as */*
  [1m[35mLegoSet Load (0.4ms)[0m  SELECT "lego_sets".* FROM "lego_sets"
Completed 500 Internal Server Error in 18ms (ActiveRecord: 0.0ms)

NoMethodError (undefined method `read_attribute_for_serialization' for #<LegoSet::ActiveRecord_Relation:0x007fb196b4ae48>):
  app/controllers/lego_sets_controller.rb:14:in `index'


  Rendered /usr/local/lib/ruby/gems/2.2.0/gems/actionpack-4.2.4/lib/action_dispatch/middleware/templates/rescues/_source.erb (10.2ms)
  Rendered /usr/local/lib/ruby/gems/2.2.0/gems/actionpack-4.2.4/lib/action_dispatch/middleware/templates/rescues/_trace.html.erb (2.0ms)
  Rendered /usr/local/lib/ruby/gems/2.2.0/gems/actionpack-4.2.4/lib/action_dispatch/middleware/templates/rescues/_request_and_response.html.erb (0.9ms)
  Rendered /usr/local/lib/ruby/gems/2.2.0/gems/actionpack-4.2.4/lib/action_dispatch/middleware/templates/rescues/diagnostics.html.erb within rescues/layout (46.0ms)


Started GET "/lego_sets" for ::1 at 2015-12-03 11:35:50 -0500
Processing by LegoSetsController#index as */*
  [1m[36mLegoSet Load (0.3ms)[0m  [1mSELECT "lego_sets".* FROM "lego_sets"[0m
  [1m[35mLego Load (0.2ms)[0m  SELECT "legos".* FROM "legos" WHERE "legos"."lego_set_id" = ?  [["lego_set_id", 1]]
  [1m[36mLego Load (0.1ms)[0m  [1mSELECT "legos".* FROM "legos" WHERE "legos"."lego_set_id" = ?[0m  [["lego_set_id", 2]]
  [1m[35mLego Load (0.1ms)[0m  SELECT "legos".* FROM "legos" WHERE "legos"."lego_set_id" = ?  [["lego_set_id", 3]]
  [1m[36mLego Load (0.1ms)[0m  [1mSELECT "legos".* FROM "legos" WHERE "legos"."lego_set_id" = ?[0m  [["lego_set_id", 4]]
  [1m[35mLego Load (0.1ms)[0m  SELECT "legos".* FROM "legos" WHERE "legos"."lego_set_id" = ?  [["lego_set_id", 5]]
Completed 200 OK in 55ms (Views: 51.3ms | ActiveRecord: 1.3ms)


Started POST "/lego_sets" for ::1 at 2015-12-03 11:36:27 -0500
Processing by LegoSetsController#create as JSON
  Parameters: {"lego_set"=>{"name"=>"Ewok Village", "cost"=>"25000", "date_procured"=>"2015-12-25"}}
  [1m[36m (0.1ms)[0m  [1mbegin transaction[0m
  [1m[35mSQL (0.3ms)[0m  INSERT INTO "lego_sets" ("name", "cost", "date_procured", "created_at", "updated_at") VALUES (?, ?, ?, ?, ?)  [["name", "Ewok Village"], ["cost", 25000], ["date_procured", "2015-12-25"], ["created_at", "2015-12-03 16:36:27.712808"], ["updated_at", "2015-12-03 16:36:27.712808"]]
  [1m[36m (4.6ms)[0m  [1mcommit transaction[0m
  [1m[35mLego Load (0.3ms)[0m  SELECT "legos".* FROM "legos" WHERE "legos"."lego_set_id" = ?  [["lego_set_id", 6]]
Completed 200 OK in 30ms (Views: 14.0ms | ActiveRecord: 6.0ms)


Started GET "/lego_sets" for ::1 at 2015-12-03 11:36:44 -0500
Processing by LegoSetsController#index as */*
  [1m[36mLegoSet Load (0.3ms)[0m  [1mSELECT "lego_sets".* FROM "lego_sets"[0m
  [1m[35mLego Load (0.1ms)[0m  SELECT "legos".* FROM "legos" WHERE "legos"."lego_set_id" = ?  [["lego_set_id", 1]]
  [1m[36mLego Load (0.1ms)[0m  [1mSELECT "legos".* FROM "legos" WHERE "legos"."lego_set_id" = ?[0m  [["lego_set_id", 2]]
  [1m[35mLego Load (0.1ms)[0m  SELECT "legos".* FROM "legos" WHERE "legos"."lego_set_id" = ?  [["lego_set_id", 3]]
  [1m[36mLego Load (0.1ms)[0m  [1mSELECT "legos".* FROM "legos" WHERE "legos"."lego_set_id" = ?[0m  [["lego_set_id", 4]]
  [1m[35mLego Load (0.1ms)[0m  SELECT "legos".* FROM "legos" WHERE "legos"."lego_set_id" = ?  [["lego_set_id", 5]]
  [1m[36mLego Load (0.1ms)[0m  [1mSELECT "legos".* FROM "legos" WHERE "legos"."lego_set_id" = ?[0m  [["lego_set_id", 6]]
Completed 200 OK in 17ms (Views: 14.0ms | ActiveRecord: 1.3ms)


Started GET "/" for ::1 at 2015-12-03 11:38:06 -0500
Processing by Rails::WelcomeController#index as HTML
  Rendered /usr/local/lib/ruby/gems/2.2.0/gems/railties-4.2.4/lib/rails/templates/rails/welcome/index.html.erb (0.8ms)
Completed 200 OK in 3ms (Views: 2.5ms | ActiveRecord: 0.0ms)


Started GET "/lego_sets" for ::1 at 2015-12-03 11:38:13 -0500
Processing by LegoSetsController#index as HTML
  [1m[35mLegoSet Load (0.3ms)[0m  SELECT "lego_sets".* FROM "lego_sets"
  [1m[36mLego Load (0.2ms)[0m  [1mSELECT "legos".* FROM "legos" WHERE "legos"."lego_set_id" = ?[0m  [["lego_set_id", 1]]
  [1m[35mLego Load (0.1ms)[0m  SELECT "legos".* FROM "legos" WHERE "legos"."lego_set_id" = ?  [["lego_set_id", 2]]
  [1m[36mLego Load (0.1ms)[0m  [1mSELECT "legos".* FROM "legos" WHERE "legos"."lego_set_id" = ?[0m  [["lego_set_id", 3]]
  [1m[35mLego Load (0.1ms)[0m  SELECT "legos".* FROM "legos" WHERE "legos"."lego_set_id" = ?  [["lego_set_id", 4]]
  [1m[36mLego Load (0.1ms)[0m  [1mSELECT "legos".* FROM "legos" WHERE "legos"."lego_set_id" = ?[0m  [["lego_set_id", 5]]
  [1m[35mLego Load (0.1ms)[0m  SELECT "legos".* FROM "legos" WHERE "legos"."lego_set_id" = ?  [["lego_set_id", 6]]
Completed 200 OK in 11ms (Views: 9.7ms | ActiveRecord: 1.0ms)


Started GET "/lego_sets" for ::1 at 2015-12-03 11:41:39 -0500
  [1m[36mActiveRecord::SchemaMigration Load (0.1ms)[0m  [1mSELECT "schema_migrations".* FROM "schema_migrations"[0m

ActionController::RoutingError (No route matches [GET] "/lego_sets"):
  actionpack (4.2.4) lib/action_dispatch/middleware/debug_exceptions.rb:21:in `call'
  actionpack (4.2.4) lib/action_dispatch/middleware/show_exceptions.rb:30:in `call'
  railties (4.2.4) lib/rails/rack/logger.rb:38:in `call_app'
  railties (4.2.4) lib/rails/rack/logger.rb:20:in `block in call'
  activesupport (4.2.4) lib/active_support/tagged_logging.rb:68:in `block in tagged'
  activesupport (4.2.4) lib/active_support/tagged_logging.rb:26:in `tagged'
  activesupport (4.2.4) lib/active_support/tagged_logging.rb:68:in `tagged'
  railties (4.2.4) lib/rails/rack/logger.rb:20:in `call'
  actionpack (4.2.4) lib/action_dispatch/middleware/request_id.rb:21:in `call'
  rack (1.6.4) lib/rack/runtime.rb:18:in `call'
  activesupport (4.2.4) lib/active_support/cache/strategy/local_cache_middleware.rb:28:in `call'
  rack (1.6.4) lib/rack/lock.rb:17:in `call'
  actionpack (4.2.4) lib/action_dispatch/middleware/static.rb:116:in `call'
  railties (4.2.4) lib/rails/engine.rb:518:in `call'
  railties (4.2.4) lib/rails/application.rb:165:in `call'
  rack (1.6.4) lib/rack/lock.rb:17:in `call'
  rack (1.6.4) lib/rack/content_length.rb:15:in `call'
  rack (1.6.4) lib/rack/handler/webrick.rb:88:in `service'
  /usr/local/Cellar/ruby/2.2.2/lib/ruby/2.2.0/webrick/httpserver.rb:138:in `service'
  /usr/local/Cellar/ruby/2.2.2/lib/ruby/2.2.0/webrick/httpserver.rb:94:in `run'
  /usr/local/Cellar/ruby/2.2.2/lib/ruby/2.2.0/webrick/server.rb:294:in `block in start_thread'


  Rendered /usr/local/lib/ruby/gems/2.2.0/gems/actionpack-4.2.4/lib/action_dispatch/middleware/templates/rescues/_trace.html.erb (1.2ms)
  Rendered /usr/local/lib/ruby/gems/2.2.0/gems/actionpack-4.2.4/lib/action_dispatch/middleware/templates/routes/_route.html.erb (1.1ms)
  Rendered /usr/local/lib/ruby/gems/2.2.0/gems/actionpack-4.2.4/lib/action_dispatch/middleware/templates/routes/_table.html.erb (12.6ms)
  Rendered /usr/local/lib/ruby/gems/2.2.0/gems/actionpack-4.2.4/lib/action_dispatch/middleware/templates/rescues/_request_and_response.html.erb (1.4ms)
  Rendered /usr/local/lib/ruby/gems/2.2.0/gems/actionpack-4.2.4/lib/action_dispatch/middleware/templates/rescues/routing_error.html.erb within rescues/layout (64.7ms)


Started GET "/toysandbricks/lego_sets" for ::1 at 2015-12-03 11:41:57 -0500
Processing by LegoSetsController#index as */*
  [1m[35mLegoSet Load (0.2ms)[0m  SELECT "lego_sets".* FROM "lego_sets"
  [1m[36mLego Load (0.2ms)[0m  [1mSELECT "legos".* FROM "legos" WHERE "legos"."lego_set_id" = ?[0m  [["lego_set_id", 1]]
  [1m[35mLego Load (0.1ms)[0m  SELECT "legos".* FROM "legos" WHERE "legos"."lego_set_id" = ?  [["lego_set_id", 2]]
  [1m[36mLego Load (0.1ms)[0m  [1mSELECT "legos".* FROM "legos" WHERE "legos"."lego_set_id" = ?[0m  [["lego_set_id", 3]]
  [1m[35mLego Load (0.1ms)[0m  SELECT "legos".* FROM "legos" WHERE "legos"."lego_set_id" = ?  [["lego_set_id", 4]]
  [1m[36mLego Load (0.1ms)[0m  [1mSELECT "legos".* FROM "legos" WHERE "legos"."lego_set_id" = ?[0m  [["lego_set_id", 5]]
  [1m[35mLego Load (0.1ms)[0m  SELECT "legos".* FROM "legos" WHERE "legos"."lego_set_id" = ?  [["lego_set_id", 6]]
Completed 200 OK in 43ms (Views: 35.0ms | ActiveRecord: 1.4ms)


Started GET "/toysandbricks/lego_sets" for ::1 at 2015-12-03 11:46:44 -0500
Processing by LegoSetsController#index as */*
  [1m[36mLegoSet Load (0.2ms)[0m  [1mSELECT "lego_sets".* FROM "lego_sets"[0m
  [1m[35mLego Load (0.1ms)[0m  SELECT "legos".* FROM "legos" WHERE "legos"."lego_set_id" = ?  [["lego_set_id", 1]]
  [1m[36mLego Load (0.1ms)[0m  [1mSELECT "legos".* FROM "legos" WHERE "legos"."lego_set_id" = ?[0m  [["lego_set_id", 2]]
  [1m[35mLego Load (0.1ms)[0m  SELECT "legos".* FROM "legos" WHERE "legos"."lego_set_id" = ?  [["lego_set_id", 3]]
  [1m[36mLego Load (0.1ms)[0m  [1mSELECT "legos".* FROM "legos" WHERE "legos"."lego_set_id" = ?[0m  [["lego_set_id", 4]]
  [1m[35mLego Load (0.1ms)[0m  SELECT "legos".* FROM "legos" WHERE "legos"."lego_set_id" = ?  [["lego_set_id", 5]]
  [1m[36mLego Load (0.1ms)[0m  [1mSELECT "legos".* FROM "legos" WHERE "legos"."lego_set_id" = ?[0m  [["lego_set_id", 6]]
Completed 200 OK in 6ms (Views: 5.4ms | ActiveRecord: 0.6ms)
